-------------------------------------------------------------------------------
Test set: es.spring.trabajo.TiendaOnlineSpringApplicationTests
-------------------------------------------------------------------------------
Tests run: 1, Failures: 0, Errors: 1, Skipped: 0, Time elapsed: 3.569 s <<< FAILURE! - in es.spring.trabajo.TiendaOnlineSpringApplicationTests
contextLoads  Time elapsed: 0.018 s  <<< ERROR!
java.lang.IllegalStateException: Failed to load ApplicationContext for [WebMergedContextConfiguration@7c47e077 testClass = es.spring.trabajo.TiendaOnlineSpringApplicationTests, locations = [], classes = [es.spring.trabajo.TiendaOnlineSpringApplication], contextInitializerClasses = [], activeProfiles = [], propertySourceLocations = [], propertySourceProperties = ["org.springframework.boot.test.context.SpringBootTestContextBootstrapper=true"], contextCustomizers = [org.springframework.boot.test.context.filter.ExcludeFilterContextCustomizer@4196c360, org.springframework.boot.test.json.DuplicateJsonObjectContextCustomizerFactory$DuplicateJsonObjectContextCustomizer@479ceda0, org.springframework.boot.test.mock.mockito.MockitoContextCustomizer@0, org.springframework.boot.test.web.client.TestRestTemplateContextCustomizer@6f19ac19, org.springframework.boot.test.autoconfigure.actuate.observability.ObservabilityContextCustomizerFactory$DisableObservabilityContextCustomizer@9da1, org.springframework.boot.test.autoconfigure.properties.PropertyMappingContextCustomizer@0, org.springframework.boot.test.autoconfigure.web.servlet.WebDriverContextCustomizerFactory$Customizer@7922d892, org.springframework.boot.test.context.SpringBootTestAnnotation@11f369fc], resourceBasePath = "src/main/webapp", contextLoader = org.springframework.boot.test.context.SpringBootContextLoader, parent = null]
Caused by: org.springframework.beans.factory.BeanCreationException: Error creating bean with name 'entityManagerFactory' defined in class path resource [org/springframework/boot/autoconfigure/orm/jpa/HibernateJpaConfiguration.class]: Association 'es.spring.trabajo.models.entity.VentaProducto.ventas' targets an unknown entity named 'es.spring.trabajo.models.entity.Venta'
Caused by: org.hibernate.AnnotationException: Association 'es.spring.trabajo.models.entity.VentaProducto.ventas' targets an unknown entity named 'es.spring.trabajo.models.entity.Venta'

